<?xml version="1.0" encoding="UTF-8"?>
<checkstyle version="8.29">
<file name="/home/patrick/Downloads/Palladio-Addons-ContextConfidentialityAnalysis/tests/edu.kit.ipd.sdq.kamp4attack.tests/src/edu/kit/ipd/sdq/kamp4attack/tests/change/AbstractChangeTests.java">
<error line="1" severity="warning" message="Es fehlt eine package-info.java." source="com.puppycrawl.tools.checkstyle.checks.javadoc.JavadocPackageCheck"/>
</file>
<file name="/home/patrick/Downloads/Palladio-Addons-ContextConfidentialityAnalysis/tests/edu.kit.ipd.sdq.kamp4attack.tests/src/edu/kit/ipd/sdq/kamp4attack/tests/change/credentials/PropagationContextAssemblyTest.java">
<error line="1" severity="warning" message="Es fehlt eine package-info.java." source="com.puppycrawl.tools.checkstyle.checks.javadoc.JavadocPackageCheck"/>
</file>
<file name="/home/patrick/Downloads/Palladio-Addons-ContextConfidentialityAnalysis/tests/edu.kit.ipd.sdq.kamp4attack.tests/src/edu/kit/ipd/sdq/kamp4attack/tests/change/credentials/PropagationLinkingTest.java">
</file>
<file name="/home/patrick/Downloads/Palladio-Addons-ContextConfidentialityAnalysis/tests/edu.kit.ipd.sdq.kamp4attack.tests/src/edu/kit/ipd/sdq/kamp4attack/tests/change/credentials/PropagationContextLinkingResourceTest.java">
</file>
<file name="/home/patrick/Downloads/Palladio-Addons-ContextConfidentialityAnalysis/tests/edu.kit.ipd.sdq.kamp4attack.tests/src/edu/kit/ipd/sdq/kamp4attack/tests/change/credentials/PropagationAssemblyTest.java">
</file>
<file name="/home/patrick/Downloads/Palladio-Addons-ContextConfidentialityAnalysis/tests/edu.kit.ipd.sdq.kamp4attack.tests/src/edu/kit/ipd/sdq/kamp4attack/tests/change/credentials/PropagationContextLinkingTest.java">
</file>
<file name="/home/patrick/Downloads/Palladio-Addons-ContextConfidentialityAnalysis/tests/edu.kit.ipd.sdq.kamp4attack.tests/src/edu/kit/ipd/sdq/kamp4attack/tests/change/credentials/PropagationResourceTest.java">
</file>
<file name="/home/patrick/Downloads/Palladio-Addons-ContextConfidentialityAnalysis/tests/edu.kit.ipd.sdq.kamp4attack.tests/src/edu/kit/ipd/sdq/kamp4attack/tests/change/credentials/PropagationContextResourceTest.java">
</file>
<file name="/home/patrick/Downloads/Palladio-Addons-ContextConfidentialityAnalysis/tests/edu.kit.ipd.sdq.kamp4attack.tests/src/edu/kit/ipd/sdq/kamp4attack/tests/change/ConvertingInputModelTest.java">
</file>
<file name="/home/patrick/Downloads/Palladio-Addons-ContextConfidentialityAnalysis/tests/edu.kit.ipd.sdq.kamp4attack.tests/src/edu/kit/ipd/sdq/kamp4attack/tests/change/vulnerability/PropagationAssemblyTest.java">
<error line="1" severity="warning" message="Es fehlt eine package-info.java." source="com.puppycrawl.tools.checkstyle.checks.javadoc.JavadocPackageCheck"/>
<error line="210" severity="info" message="Zeile ist 217 Zeichen lang (Obergrenze ist 130)." source="com.puppycrawl.tools.checkstyle.checks.sizes.LineLengthCheck"/>
</file>
<file name="/home/patrick/Downloads/Palladio-Addons-ContextConfidentialityAnalysis/tests/edu.kit.ipd.sdq.kamp4attack.tests/src/edu/kit/ipd/sdq/kamp4attack/tests/change/vulnerability/scalability/ChainedResourcesTests.java">
<error line="1" severity="warning" message="Es fehlt eine package-info.java." source="com.puppycrawl.tools.checkstyle.checks.javadoc.JavadocPackageCheck"/>
</file>
<file name="/home/patrick/Downloads/Palladio-Addons-ContextConfidentialityAnalysis/tests/edu.kit.ipd.sdq.kamp4attack.tests/src/edu/kit/ipd/sdq/kamp4attack/tests/change/vulnerability/scalability/ScalabilityTests.java">
</file>
<file name="/home/patrick/Downloads/Palladio-Addons-ContextConfidentialityAnalysis/tests/edu.kit.ipd.sdq.kamp4attack.tests/src/edu/kit/ipd/sdq/kamp4attack/tests/change/vulnerability/scalability/PooledResources.java">
</file>
<file name="/home/patrick/Downloads/Palladio-Addons-ContextConfidentialityAnalysis/tests/edu.kit.ipd.sdq.kamp4attack.tests/src/edu/kit/ipd/sdq/kamp4attack/tests/change/vulnerability/PropagationLinkingResourceTest.java">
<error line="56" column="10" severity="warning" message="Der Bezeichner &apos;LinkingToAssemblyPropagation&apos; entspricht nicht dem Muster &apos;^[a-z][a-zA-Z0-9]*$&apos;." source="com.puppycrawl.tools.checkstyle.checks.naming.MethodNameCheck"/>
<error line="85" column="10" severity="warning" message="Der Bezeichner &apos;LinkingToAssemblyPropagationSEFF&apos; entspricht nicht dem Muster &apos;^[a-z][a-zA-Z0-9]*$&apos;." source="com.puppycrawl.tools.checkstyle.checks.naming.MethodNameCheck"/>
<error line="121" column="10" severity="warning" message="Der Bezeichner &apos;LinkingToResourcePropagation&apos; entspricht nicht dem Muster &apos;^[a-z][a-zA-Z0-9]*$&apos;." source="com.puppycrawl.tools.checkstyle.checks.naming.MethodNameCheck"/>
</file>
<file name="/home/patrick/Downloads/Palladio-Addons-ContextConfidentialityAnalysis/tests/edu.kit.ipd.sdq.kamp4attack.tests/src/edu/kit/ipd/sdq/kamp4attack/tests/change/vulnerability/PropagationResourceTest.java">
<error line="53" column="10" severity="warning" message="Der Bezeichner &apos;ResourceToLocalAssemblyPropagation&apos; entspricht nicht dem Muster &apos;^[a-z][a-zA-Z0-9]*$&apos;." source="com.puppycrawl.tools.checkstyle.checks.naming.MethodNameCheck"/>
<error line="70" column="10" severity="warning" message="Der Bezeichner &apos;ResourceToRemoteAssemblyPropagation&apos; entspricht nicht dem Muster &apos;^[a-z][a-zA-Z0-9]*$&apos;." source="com.puppycrawl.tools.checkstyle.checks.naming.MethodNameCheck"/>
<error line="101" column="10" severity="warning" message="Der Bezeichner &apos;ResourceToLinkingPropagation&apos; entspricht nicht dem Muster &apos;^[a-z][a-zA-Z0-9]*$&apos;." source="com.puppycrawl.tools.checkstyle.checks.naming.MethodNameCheck"/>
<error line="131" column="10" severity="warning" message="Der Bezeichner &apos;ResourceToResourcePropagation&apos; entspricht nicht dem Muster &apos;^[a-z][a-zA-Z0-9]*$&apos;." source="com.puppycrawl.tools.checkstyle.checks.naming.MethodNameCheck"/>
<error line="160" column="10" severity="warning" message="Der Bezeichner &apos;ResourceToRemoteAssemblyPropagationSEFF&apos; entspricht nicht dem Muster &apos;^[a-z][a-zA-Z0-9]*$&apos;." source="com.puppycrawl.tools.checkstyle.checks.naming.MethodNameCheck"/>
</file>
<file name="/home/patrick/Downloads/Palladio-Addons-ContextConfidentialityAnalysis/tests/edu.kit.ipd.sdq.kamp4attack.tests/src/edu/kit/ipd/sdq/kamp4attack/tests/AbstractModelTest.java">
<error line="1" severity="warning" message="Es fehlt eine package-info.java." source="com.puppycrawl.tools.checkstyle.checks.javadoc.JavadocPackageCheck"/>
<error line="25" column="22" severity="warning" message="Der Bezeichner &apos;PATH_ATTACKER&apos; entspricht nicht dem Muster &apos;^[a-z][a-zA-Z0-9]*$&apos;." source="com.puppycrawl.tools.checkstyle.checks.naming.MemberNameCheck"/>
<error line="26" column="22" severity="warning" message="Der Bezeichner &apos;PATH_ASSEMBLY&apos; entspricht nicht dem Muster &apos;^[a-z][a-zA-Z0-9]*$&apos;." source="com.puppycrawl.tools.checkstyle.checks.naming.MemberNameCheck"/>
<error line="27" column="22" severity="warning" message="Der Bezeichner &apos;PATH_ALLOCATION&apos; entspricht nicht dem Muster &apos;^[a-z][a-zA-Z0-9]*$&apos;." source="com.puppycrawl.tools.checkstyle.checks.naming.MemberNameCheck"/>
<error line="28" column="22" severity="warning" message="Der Bezeichner &apos;PATH_CONTEXT&apos; entspricht nicht dem Muster &apos;^[a-z][a-zA-Z0-9]*$&apos;." source="com.puppycrawl.tools.checkstyle.checks.naming.MemberNameCheck"/>
<error line="29" column="22" severity="warning" message="Der Bezeichner &apos;PATH_MODIFICATION&apos; entspricht nicht dem Muster &apos;^[a-z][a-zA-Z0-9]*$&apos;." source="com.puppycrawl.tools.checkstyle.checks.naming.MemberNameCheck"/>
<error line="30" column="22" severity="warning" message="Der Bezeichner &apos;PATH_REPOSITORY&apos; entspricht nicht dem Muster &apos;^[a-z][a-zA-Z0-9]*$&apos;." source="com.puppycrawl.tools.checkstyle.checks.naming.MemberNameCheck"/>
<error line="31" column="22" severity="warning" message="Der Bezeichner &apos;PATH_USAGE&apos; entspricht nicht dem Muster &apos;^[a-z][a-zA-Z0-9]*$&apos;." source="com.puppycrawl.tools.checkstyle.checks.naming.MemberNameCheck"/>
<error line="32" column="22" severity="warning" message="Der Bezeichner &apos;PATH_RESOURCES&apos; entspricht nicht dem Muster &apos;^[a-z][a-zA-Z0-9]*$&apos;." source="com.puppycrawl.tools.checkstyle.checks.naming.MemberNameCheck"/>
<error line="43" column="11" severity="warning" message="Modifier &apos;protected&apos; weicht von der empfohlenen Modifier-Reihenfolge der Java Language Specification ab." source="com.puppycrawl.tools.checkstyle.checks.modifier.ModifierOrderCheck"/>
</file>
<file name="/home/patrick/Downloads/Palladio-Addons-ContextConfidentialityAnalysis/tests/edu.kit.ipd.sdq.kamp4attack.tests/src/edu/kit/ipd/sdq/kamp4attack/tests/AttackPreStepTest.java">
</file>
<file name="/home/patrick/Downloads/Palladio-Addons-ContextConfidentialityAnalysis/tests/edu.kit.ipd.sdq.kamp4attack.tests/src/edu/kit/ipd/sdq/kamp4attack/tests/casestudies/PowerGridCaseStudyTests.java">
<error line="1" severity="warning" message="Es fehlt eine package-info.java." source="com.puppycrawl.tools.checkstyle.checks.javadoc.JavadocPackageCheck"/>
</file>
<file name="/home/patrick/Downloads/Palladio-Addons-ContextConfidentialityAnalysis/tests/edu.kit.ipd.sdq.kamp4attack.tests/src/edu/kit/ipd/sdq/kamp4attack/tests/casestudies/TargetCaseStudyTests.java">
</file>
<file name="/home/patrick/Downloads/Palladio-Addons-ContextConfidentialityAnalysis/tests/edu.kit.ipd.sdq.kamp4attack.tests/src/edu/kit/ipd/sdq/kamp4attack/tests/casestudies/travelplanner/Vulnerability02Component2ComponentTests.java">
<error line="1" severity="warning" message="Es fehlt eine package-info.java." source="com.puppycrawl.tools.checkstyle.checks.javadoc.JavadocPackageCheck"/>
</file>
<file name="/home/patrick/Downloads/Palladio-Addons-ContextConfidentialityAnalysis/tests/edu.kit.ipd.sdq.kamp4attack.tests/src/edu/kit/ipd/sdq/kamp4attack/tests/casestudies/travelplanner/Vulnerability07Resource2ComponentTests.java">
</file>
<file name="/home/patrick/Downloads/Palladio-Addons-ContextConfidentialityAnalysis/tests/edu.kit.ipd.sdq.kamp4attack.tests/src/edu/kit/ipd/sdq/kamp4attack/tests/casestudies/travelplanner/VulnerabilityGainTests.java">
</file>
<file name="/home/patrick/Downloads/Palladio-Addons-ContextConfidentialityAnalysis/tests/edu.kit.ipd.sdq.kamp4attack.tests/src/edu/kit/ipd/sdq/kamp4attack/tests/casestudies/travelplanner/Vulnerability04Component2ResourceTests.java">
</file>
<file name="/home/patrick/Downloads/Palladio-Addons-ContextConfidentialityAnalysis/tests/edu.kit.ipd.sdq.kamp4attack.tests/src/edu/kit/ipd/sdq/kamp4attack/tests/casestudies/travelplanner/VulnerabilityAttackVectorLocalTests.java">
</file>
<file name="/home/patrick/Downloads/Palladio-Addons-ContextConfidentialityAnalysis/tests/edu.kit.ipd.sdq.kamp4attack.tests/src/edu/kit/ipd/sdq/kamp4attack/tests/casestudies/travelplanner/Vulnerability06Linking2ComponentTests.java">
</file>
<file name="/home/patrick/Downloads/Palladio-Addons-ContextConfidentialityAnalysis/tests/edu.kit.ipd.sdq.kamp4attack.tests/src/edu/kit/ipd/sdq/kamp4attack/tests/casestudies/travelplanner/TravelPlannerCaseStudy.java">
</file>
<file name="/home/patrick/Downloads/Palladio-Addons-ContextConfidentialityAnalysis/tests/edu.kit.ipd.sdq.kamp4attack.tests/src/edu/kit/ipd/sdq/kamp4attack/tests/casestudies/travelplanner/VulnerabilityMissingPrivilegesTests.java">
</file>
<file name="/home/patrick/Downloads/Palladio-Addons-ContextConfidentialityAnalysis/tests/edu.kit.ipd.sdq.kamp4attack.tests/src/edu/kit/ipd/sdq/kamp4attack/tests/casestudies/travelplanner/CredentialsPropagationTests.java">
</file>
<file name="/home/patrick/Downloads/Palladio-Addons-ContextConfidentialityAnalysis/tests/edu.kit.ipd.sdq.kamp4attack.tests/src/edu/kit/ipd/sdq/kamp4attack/tests/casestudies/travelplanner/Vulnerability08Resource2ResourceWithLinkingTests.java">
</file>
<file name="/home/patrick/Downloads/Palladio-Addons-ContextConfidentialityAnalysis/tests/edu.kit.ipd.sdq.kamp4attack.tests/src/edu/kit/ipd/sdq/kamp4attack/tests/casestudies/travelplanner/Vulnerability01Component2ComponentSeffTests.java">
</file>
<file name="/home/patrick/Downloads/Palladio-Addons-ContextConfidentialityAnalysis/tests/edu.kit.ipd.sdq.kamp4attack.tests/src/edu/kit/ipd/sdq/kamp4attack/tests/casestudies/travelplanner/VulnerabilityAttackVectorLocalFailureTests.java">
</file>
<file name="/home/patrick/Downloads/Palladio-Addons-ContextConfidentialityAnalysis/tests/edu.kit.ipd.sdq.kamp4attack.tests/src/edu/kit/ipd/sdq/kamp4attack/tests/casestudies/travelplanner/Vulnerability03Component2LocalResourceTests.java">
</file>
<file name="/home/patrick/Downloads/Palladio-Addons-ContextConfidentialityAnalysis/tests/edu.kit.ipd.sdq.kamp4attack.tests/src/edu/kit/ipd/sdq/kamp4attack/tests/casestudies/travelplanner/Vulnerability05Linking2ResourceTests.java">
</file>
<file name="/home/patrick/Downloads/Palladio-Addons-ContextConfidentialityAnalysis/tests/edu.kit.ipd.sdq.kamp4attack.tests/src/edu/kit/ipd/sdq/kamp4attack/tests/casestudies/travelplanner/EmptyAttackTests.java">
</file>
<file name="/home/patrick/Downloads/Palladio-Addons-ContextConfidentialityAnalysis/tests/edu.kit.ipd.sdq.kamp4attack.tests/src/edu/kit/ipd/sdq/kamp4attack/tests/casestudies/travelplanner/EmptyAttackerTests.java">
</file>
<file name="/home/patrick/Downloads/Palladio-Addons-ContextConfidentialityAnalysis/tests/edu.kit.ipd.sdq.kamp4attack.tests/src/edu/kit/ipd/sdq/kamp4attack/tests/ModelsTest.java">
</file>
</checkstyle>
