-------------------------------------------------------------------------------
Test set: edu.kit.ipd.sdq.kamp4attack.tests.change.credentials.PropagationContextLinkingTest
-------------------------------------------------------------------------------
Tests run: 7, Failures: 0, Errors: 0, Skipped: 0, Time elapsed: 0.432 s - in edu.kit.ipd.sdq.kamp4attack.tests.change.credentials.PropagationContextLinkingTest
testContextToLinkingPropagationWrongSpecification  Time elapsed: 0.057 s
testContextToLinkingPropagationWrongContext  Time elapsed: 0.058 s
testContextToLinkingPropagationNoContextNoStartResource  Time elapsed: 0.036 s
testContextToLinkingAssemblyStartpoint  Time elapsed: 0.078 s
testContextToLinkingPropagationNoContext  Time elapsed: 0.057 s
testContextToLinkingPropagationResourceStartpointDuplicate  Time elapsed: 0.072 s
testContextToLinkingPropagationResourceStartpoint  Time elapsed: 0.07 s
