-------------------------------------------------------------------------------
Test set: edu.kit.ipd.sdq.kamp4attack.tests.change.credentials.PropagationContextAssemblyTest
-------------------------------------------------------------------------------
Tests run: 10, Failures: 0, Errors: 0, Skipped: 5, Time elapsed: 0.234 s - in edu.kit.ipd.sdq.kamp4attack.tests.change.credentials.PropagationContextAssemblyTest
testContextToAssemblyPropagationDuplicate skipped
testContextToAssemblyPropagationNoSpecificationNoContext  Time elapsed: 0.05 s
testContextToAssemblyPropagationWrongContext  Time elapsed: 0.059 s
testContextToAssemblyPropagationNoContextNoAssemblyComponent  Time elapsed: 0.028 s
testContextToAssemblyPropagationRequiredNoSpecificationThirdComponent skipped
testContextToAssemblyPropagationRequiredSpecificationThirdComponentWrongContext skipped
testContextToAssemblyPropagationProvided skipped
testContextToAssemblyContextNoSpecification  Time elapsed: 0.06 s
testContextToAssemblyPropagationRequired skipped
testContextToAssemblyPropagationNoAssemblyComponent  Time elapsed: 0.03 s
