-------------------------------------------------------------------------------
Test set: edu.kit.ipd.sdq.kamp4attack.tests.casestudies.travelplanner.Vulnerability06Linking2ComponentTests
-------------------------------------------------------------------------------
Tests run: 2, Failures: 0, Errors: 0, Skipped: 0, Time elapsed: 0.418 s - in edu.kit.ipd.sdq.kamp4attack.tests.casestudies.travelplanner.Vulnerability06Linking2ComponentTests
defaultCase  Time elapsed: 0.215 s
propagation  Time elapsed: 0.202 s
