-------------------------------------------------------------------------------
Test set: edu.kit.ipd.sdq.kamp4attack.tests.change.credentials.PropagationAssemblyTest
-------------------------------------------------------------------------------
Tests run: 10, Failures: 0, Errors: 0, Skipped: 0, Time elapsed: 0.47 s - in edu.kit.ipd.sdq.kamp4attack.tests.change.credentials.PropagationAssemblyTest
testAssemblyToContextNoPropagationWrongAttributeProvider  Time elapsed: 0.035 s
testAssemblyToContextPropagationWrongAttributeProvider  Time elapsed: 0.034 s
testAssemblyToResourcePropagationNoContextAttacker  Time elapsed: 0.063 s
testAssemblyToContextPropagation  Time elapsed: 0.042 s
testAssemblyToContextPropagationDuplicate  Time elapsed: 0.039 s
testAssemblyToResourcePropagationWrongContextAttacker  Time elapsed: 0.057 s
testAssemblyToContextNoPropagationNoAttributeProvider  Time elapsed: 0.029 s
testAssemblyToResourcePropagation  Time elapsed: 0.051 s
testAssemblyToResourcePropagationDuplicate  Time elapsed: 0.06 s
testAssemblyToResourcePropagationNoContextsNoSpecification  Time elapsed: 0.052 s
