-------------------------------------------------------------------------------
Test set: edu.kit.ipd.sdq.kamp4attack.tests.change.ConvertingInputModelTest
-------------------------------------------------------------------------------
Tests run: 5, Failures: 0, Errors: 0, Skipped: 0, Time elapsed: 0.685 s - in edu.kit.ipd.sdq.kamp4attack.tests.change.ConvertingInputModelTest
testTransformationContext  Time elapsed: 0.072 s
testTransformationAssembly  Time elapsed: 0.172 s
testTransformationResource  Time elapsed: 0.112 s
testAllTransfomations  Time elapsed: 0.171 s
testTransformationLinking  Time elapsed: 0.153 s
