-------------------------------------------------------------------------------
Test set: edu.kit.ipd.sdq.kamp4attack.tests.casestudies.travelplanner.Vulnerability07Resource2ComponentTests
-------------------------------------------------------------------------------
Tests run: 2, Failures: 0, Errors: 0, Skipped: 0, Time elapsed: 0.401 s - in edu.kit.ipd.sdq.kamp4attack.tests.casestudies.travelplanner.Vulnerability07Resource2ComponentTests
defaultCase  Time elapsed: 0.205 s
propagation  Time elapsed: 0.195 s
