-------------------------------------------------------------------------------
Test set: edu.kit.ipd.sdq.kamp4attack.tests.change.credentials.PropagationContextLinkingResourceTest
-------------------------------------------------------------------------------
Tests run: 5, Failures: 0, Errors: 0, Skipped: 0, Time elapsed: 0.354 s - in edu.kit.ipd.sdq.kamp4attack.tests.change.credentials.PropagationContextLinkingResourceTest
testContextLinkingToResourcePropagationNoOwnedContext  Time elapsed: 0.091 s
testContextLinkingToResourcePropagation  Time elapsed: 0.093 s
testContextLinkingToResourcePropagationNoOwnedContextNoStartResource  Time elapsed: 0.038 s
testContextLinkingToResourcePropagationNoContextNoStartResource  Time elapsed: 0.04 s
testContextLinkingToResourcePropagationWrongContext  Time elapsed: 0.088 s
