-------------------------------------------------------------------------------
Test set: edu.kit.ipd.sdq.kamp4attack.tests.casestudies.travelplanner.VulnerabilityMissingPrivilegesTests
-------------------------------------------------------------------------------
Tests run: 2, Failures: 0, Errors: 0, Skipped: 0, Time elapsed: 0.383 s - in edu.kit.ipd.sdq.kamp4attack.tests.casestudies.travelplanner.VulnerabilityMissingPrivilegesTests
defaultCase  Time elapsed: 0.192 s
propagation  Time elapsed: 0.19 s
