-------------------------------------------------------------------------------
Test set: edu.kit.ipd.sdq.kamp4attack.tests.change.credentials.PropagationLinkingTest
-------------------------------------------------------------------------------
Tests run: 5, Failures: 0, Errors: 0, Skipped: 0, Time elapsed: 0.191 s - in edu.kit.ipd.sdq.kamp4attack.tests.change.credentials.PropagationLinkingTest
testLinkingToContextPropagationKeep  Time elapsed: 0.038 s
testLinkingToContextPropagation  Time elapsed: 0.041 s
testLinkingToContextPropagationDuplicate  Time elapsed: 0.037 s
testLinkingToContextPropagationWrongProvider  Time elapsed: 0.035 s
testLinkingToContextPropagationNoContextProvider  Time elapsed: 0.034 s
