-------------------------------------------------------------------------------
Test set: edu.kit.ipd.sdq.kamp4attack.tests.change.vulnerability.PropagationResourceTest
-------------------------------------------------------------------------------
Tests run: 5, Failures: 0, Errors: 0, Skipped: 0, Time elapsed: 0.223 s - in edu.kit.ipd.sdq.kamp4attack.tests.change.vulnerability.PropagationResourceTest
ResourceToLocalAssemblyPropagation  Time elapsed: 0.036 s
ResourceToResourcePropagation  Time elapsed: 0.031 s
ResourceToRemoteAssemblyPropagationSEFF  Time elapsed: 0.062 s
ResourceToLinkingPropagation  Time elapsed: 0.03 s
ResourceToRemoteAssemblyPropagation  Time elapsed: 0.06 s
