-------------------------------------------------------------------------------
Test set: edu.kit.ipd.sdq.kamp4attack.tests.change.vulnerability.PropagationAssemblyTest
-------------------------------------------------------------------------------
Tests run: 7, Failures: 0, Errors: 0, Skipped: 0, Time elapsed: 0.313 s - in edu.kit.ipd.sdq.kamp4attack.tests.change.vulnerability.PropagationAssemblyTest
testAssemblyToLocalResourcePropagation  Time elapsed: 0.031 s
testAssemblyToLinkingResourceOnlyLocal  Time elapsed: 0.03 s
testAssemblyToRemoteResourcePropagation  Time elapsed: 0.032 s
testAssemblyToAssemblyPropagationAuthenticated  Time elapsed: 0.073 s
testAssemblyToLinkingResource  Time elapsed: 0.033 s
testAssemblyToAssemblyPropagationUsingSeff  Time elapsed: 0.072 s
testAssemblyToAssemblyPropagation  Time elapsed: 0.039 s
