-------------------------------------------------------------------------------
Test set: edu.kit.ipd.sdq.kamp4attack.tests.casestudies.travelplanner.Vulnerability05Linking2ResourceTests
-------------------------------------------------------------------------------
Tests run: 2, Failures: 0, Errors: 0, Skipped: 0, Time elapsed: 0.493 s - in edu.kit.ipd.sdq.kamp4attack.tests.casestudies.travelplanner.Vulnerability05Linking2ResourceTests
defaultCase  Time elapsed: 0.247 s
propagation  Time elapsed: 0.244 s
