-------------------------------------------------------------------------------
Test set: edu.kit.ipd.sdq.kamp4attack.tests.change.credentials.PropagationContextResourceTest
-------------------------------------------------------------------------------
Tests run: 6, Failures: 0, Errors: 0, Skipped: 0, Time elapsed: 0.347 s - in edu.kit.ipd.sdq.kamp4attack.tests.change.credentials.PropagationContextResourceTest
testContextToResourcePropagationNoContextNoStartResource  Time elapsed: 0.04 s
testContextToResourcePropagationOnlyOne  Time elapsed: 0.076 s
testContextToResourcePropagationNoStartResource  Time elapsed: 0.036 s
testContextToResourcePropagationDuplicate  Time elapsed: 0.083 s
testContextToResourcePropagationNoOwnedContextNoStartResource  Time elapsed: 0.034 s
testContextToResourcePropagation  Time elapsed: 0.073 s
