-------------------------------------------------------------------------------
Test set: edu.kit.ipd.sdq.kamp4attack.tests.casestudies.travelplanner.VulnerabilityAttackVectorLocalFailureTests
-------------------------------------------------------------------------------
Tests run: 2, Failures: 0, Errors: 0, Skipped: 0, Time elapsed: 0.275 s - in edu.kit.ipd.sdq.kamp4attack.tests.casestudies.travelplanner.VulnerabilityAttackVectorLocalFailureTests
defaultCase  Time elapsed: 0.14 s
propagation  Time elapsed: 0.134 s
