-------------------------------------------------------------------------------
Test set: edu.kit.ipd.sdq.kamp4attack.tests.change.vulnerability.PropagationLinkingResourceTest
-------------------------------------------------------------------------------
Tests run: 3, Failures: 0, Errors: 0, Skipped: 0, Time elapsed: 0.196 s - in edu.kit.ipd.sdq.kamp4attack.tests.change.vulnerability.PropagationLinkingResourceTest
LinkingToAssemblyPropagation  Time elapsed: 0.085 s
LinkingToAssemblyPropagationSEFF  Time elapsed: 0.076 s
LinkingToResourcePropagation  Time elapsed: 0.031 s
