-------------------------------------------------------------------------------
Test set: edu.kit.ipd.sdq.kamp4attack.tests.casestudies.travelplanner.Vulnerability03Component2LocalResourceTests
-------------------------------------------------------------------------------
Tests run: 2, Failures: 0, Errors: 0, Skipped: 0, Time elapsed: 0.407 s - in edu.kit.ipd.sdq.kamp4attack.tests.casestudies.travelplanner.Vulnerability03Component2LocalResourceTests
defaultCase  Time elapsed: 0.208 s
propagation  Time elapsed: 0.196 s
