-------------------------------------------------------------------------------
Test set: edu.kit.ipd.sdq.kamp4attack.tests.casestudies.travelplanner.Vulnerability01Component2ComponentSeffTests
-------------------------------------------------------------------------------
Tests run: 2, Failures: 0, Errors: 0, Skipped: 0, Time elapsed: 0.412 s - in edu.kit.ipd.sdq.kamp4attack.tests.casestudies.travelplanner.Vulnerability01Component2ComponentSeffTests
defaultCase  Time elapsed: 0.204 s
propagation  Time elapsed: 0.207 s
