-------------------------------------------------------------------------------
Test set: edu.kit.ipd.sdq.kamp4attack.tests.casestudies.travelplanner.Vulnerability08Resource2ResourceWithLinkingTests
-------------------------------------------------------------------------------
Tests run: 2, Failures: 0, Errors: 0, Skipped: 0, Time elapsed: 0.488 s - in edu.kit.ipd.sdq.kamp4attack.tests.casestudies.travelplanner.Vulnerability08Resource2ResourceWithLinkingTests
defaultCase  Time elapsed: 0.248 s
propagation  Time elapsed: 0.239 s
