-------------------------------------------------------------------------------
Test set: edu.kit.ipd.sdq.kamp4attack.tests.casestudies.travelplanner.VulnerabilityAttackVectorLocalTests
-------------------------------------------------------------------------------
Tests run: 2, Failures: 0, Errors: 0, Skipped: 0, Time elapsed: 0.507 s - in edu.kit.ipd.sdq.kamp4attack.tests.casestudies.travelplanner.VulnerabilityAttackVectorLocalTests
defaultCase  Time elapsed: 0.292 s
propagation  Time elapsed: 0.214 s
