-------------------------------------------------------------------------------
Test set: org.palladiosimulator.pcm.confidentiality.attacker.analysis.common.tests.DataTest
-------------------------------------------------------------------------------
Tests run: 8, Failures: 0, Errors: 0, Skipped: 0, Time elapsed: 2.15 s - in org.palladiosimulator.pcm.confidentiality.attacker.analysis.common.tests.DataTest
testExtractionSEFFExternalCallParametersReturnValue  Time elapsed: 1.966 s
testExtractionSEFFParametersReturnValue  Time elapsed: 0.029 s
testExtractionExternalCallParametersReturnValue  Time elapsed: 0.034 s
testExtractionRepositoryParameters  Time elapsed: 0.02 s
testExtractionRepositoryParametersReturnValue  Time elapsed: 0.022 s
testExtractionRepositoryReturnValuesComplex  Time elapsed: 0.018 s
testExtractionRepositoryReturnValuesDefault  Time elapsed: 0.016 s
testExtractionRepositoryReturnValuesInteger  Time elapsed: 0.019 s
